
Gv =
 
             s
  ------------------------
  50 s^3 + 102.5 s^2 + 8 s
 
Continuous-time transfer function.


Gv =
 
             s
  ------------------------
  50 s^3 + 102.5 s^2 + 8 s
 
Continuous-time transfer function.


Gv =
 
             s
  ------------------------
  50 s^3 + 102.5 s^2 + 8 s
 
Continuous-time transfer function.


Gv =
 
             s
  ------------------------
  50 s^3 + 102.5 s^2 + 8 s
 
Continuous-time transfer function.


Gv =
 
             s
  ------------------------
  50 s^3 + 102.5 s^2 + 8 s
 
Continuous-time transfer function.

